<?xml version="1.0" encoding="UTF-8"?>
<!-- Generated by org.testng.reporters.JUnitReportReporter -->
<testsuite hostname="DESKTOP-E8E14BD" failures="0" tests="3" name="driver.DriverScript" time="84.890" errors="0" timestamp="2022-12-06T13:59:49 IST" skipped="0">
  <testcase classname="driver.DriverScript" name="runTestScripts" time="41.128"/>
  <system-out/>
  <testcase classname="driver.DriverScript" name="runTestScripts" time="23.500"/>
  <system-out/>
  <testcase classname="driver.DriverScript" name="runTestScripts" time="20.262"/>
  <system-out/>
</testsuite> <!-- driver.DriverScript -->
