<?xml version="1.0" encoding="UTF-8"?>
<!-- Generated by org.testng.reporters.JUnitReportReporter -->
<testsuite hostname="DESKTOP-E8E14BD" failures="0" tests="3" name="methods.AppDependentMethods" time="113.947" errors="0" timestamp="2022-12-05T22:28:32 IST" skipped="0">
  <testcase classname="methods.AppDependentMethods" name="runTestScripts" time="50.971"/>
  <system-out/>
  <testcase classname="methods.AppDependentMethods" name="runTestScripts" time="40.873"/>
  <system-out/>
  <testcase classname="methods.AppDependentMethods" name="runTestScripts" time="22.103"/>
  <system-out/>
</testsuite> <!-- methods.AppDependentMethods -->
