<?xml version="1.0" encoding="UTF-8"?>
<!-- Generated by org.testng.reporters.JUnitReportReporter -->
<testsuite hostname="DESKTOP-E8E14BD" failures="0" tests="1" name="methods.UserModuleMethods" time="28.441" errors="0" timestamp="2022-12-05T22:19:03 IST" skipped="0">
  <testcase classname="methods.UserModuleMethods" name="runTestScripts" time="28.441"/>
  <system-out/>
</testsuite> <!-- methods.UserModuleMethods -->
